  handGesture.cpp
d:\mydata\documents\study\uf\project\computerized neurological exam\references\example code\hand detection using color recognition\vs2013 version\handdetection\handGesture.hpp(4): fatal error C1083: Cannot open include file: 'opencv2/imgproc/imgproc.hpp': No such file or directory
  main.cpp
..\..\..\References\Example Code\Hand Detection using Color Recognition\VS2013 Version\HandDetection\main.cpp(1): fatal error C1083: Cannot open include file: 'opencv2/imgproc/imgproc.hpp': No such file or directory
  myImage.cpp
d:\mydata\documents\study\uf\project\computerized neurological exam\references\example code\hand detection using color recognition\vs2013 version\handdetection\myImage.hpp(4): fatal error C1083: Cannot open include file: 'opencv2/imgproc/imgproc.hpp': No such file or directory
  roi.cpp
d:\mydata\documents\study\uf\project\computerized neurological exam\references\example code\hand detection using color recognition\vs2013 version\handdetection\myImage.hpp(4): fatal error C1083: Cannot open include file: 'opencv2/imgproc/imgproc.hpp': No such file or directory
  BGR_sample.cpp
BGR_sample.cpp(2): fatal error C1083: Cannot open include file: 'librealsense2/rs.hpp': No such file or directory
  facial_features.cpp
facial_features.cpp(11): fatal error C1083: Cannot open include file: 'opencv2/objdetect.hpp': No such file or directory
  fingertip.cpp
fingertip.cpp(6): fatal error C1083: Cannot open include file: 'opencv2/core/core.hpp': No such file or directory
  IR_sample.cpp
IR_sample.cpp(2): fatal error C1083: Cannot open include file: 'librealsense2/rs.hpp': No such file or directory
  rs-imshow.cpp
rs-imshow.cpp(4): fatal error C1083: Cannot open include file: 'librealsense2/rs.hpp': No such file or directory
  face_detection.cpp
face_detection.cpp(1): fatal error C1083: Cannot open include file: 'opencv2/objdetect.hpp': No such file or directory
  Trying_Face2.cpp
Trying_Face2.cpp(4): fatal error C1083: Cannot open include file: 'opencv2/objdetect.hpp': No such file or directory
  Trying_Face3.cpp
Trying_Face3.cpp(6): fatal error C1083: Cannot open include file: 'opencv2/objdetect/objdetect.hpp': No such file or directory
